<?xml version="1.0" encoding="UTF-8"?>
<testng-results skipped="0" failed="0" total="1" passed="1">
  <reporter-output>
  </reporter-output>
  <suite name="Suite" duration-ms="6558" started-at="2019-09-02T04:14:39Z" finished-at="2019-09-02T04:14:46Z">
    <groups>
    </groups>
    <test name="Test" duration-ms="6558" started-at="2019-09-02T04:14:39Z" finished-at="2019-09-02T04:14:46Z">
      <class name="Mygrp.vijtest.AppTest">
        <test-method status="PASS" signature="a()[pri:0, instance:Mygrp.vijtest.AppTest@79698539]" name="a" duration-ms="6545" started-at="2019-09-02T09:44:39Z" finished-at="2019-09-02T09:44:46Z">
          <reporter-output>
          </reporter-output>
        </test-method> <!-- a -->
      </class> <!-- Mygrp.vijtest.AppTest -->
    </test> <!-- Test -->
  </suite> <!-- Suite -->
</testng-results>
